  [1m[35m (5567.9ms)[0m  [1m[35mCREATE DATABASE "mi_bugdet_development" ENCODING = 'unicode'[0m
  [1m[35m (247.0ms)[0m  [1m[35mCREATE DATABASE "mi_bugdet_test" ENCODING = 'unicode'[0m
  [1m[35m (197.5ms)[0m  [1m[35mCREATE TABLE "schema_migrations" ("version" character varying NOT NULL PRIMARY KEY)[0m
  [1m[35m (162.1ms)[0m  [1m[35mCREATE TABLE "ar_internal_metadata" ("key" character varying NOT NULL PRIMARY KEY, "value" character varying, "created_at" timestamp(6) NOT NULL, "updated_at" timestamp(6) NOT NULL)[0m
  [1m[35m (0.2ms)[0m  [1m[34mSELECT pg_try_advisory_lock(5852838429236687595)[0m
  [1m[36mActiveRecord::SchemaMigration Pluck (0.5ms)[0m  [1m[34mSELECT "schema_migrations"."version" FROM "schema_migrations" ORDER BY "schema_migrations"."version" ASC[0m
Migrating to DeviseCreateUsers (20230116120726)
  [1m[36mTRANSACTION (0.2ms)[0m  [1m[35mBEGIN[0m
  [1m[35m (182.4ms)[0m  [1m[35mCREATE TABLE "users" ("id" bigserial primary key, "email" character varying DEFAULT '' NOT NULL, "encrypted_password" character varying DEFAULT '' NOT NULL, "reset_password_token" character varying, "reset_password_sent_at" timestamp(6), "remember_created_at" timestamp(6), "confirmation_token" character varying, "confirmed_at" timestamp(6), "confirmation_sent_at" timestamp(6), "unconfirmed_email" character varying, "created_at" timestamp(6) NOT NULL, "updated_at" timestamp(6) NOT NULL)[0m
  [1m[35m (86.3ms)[0m  [1m[35mCREATE UNIQUE INDEX "index_users_on_email" ON "users" ("email")[0m
  [1m[35m (44.5ms)[0m  [1m[35mCREATE UNIQUE INDEX "index_users_on_reset_password_token" ON "users" ("reset_password_token")[0m
  [1m[36mActiveRecord::SchemaMigration Create (0.5ms)[0m  [1m[32mINSERT INTO "schema_migrations" ("version") VALUES ($1) RETURNING "version"[0m  [["version", "20230116120726"]]
  [1m[36mTRANSACTION (14.9ms)[0m  [1m[35mCOMMIT[0m
  [1m[36mActiveRecord::InternalMetadata Load (1.1ms)[0m  [1m[34mSELECT "ar_internal_metadata".* FROM "ar_internal_metadata" WHERE "ar_internal_metadata"."key" = $1 LIMIT $2[0m  [["key", "environment"], ["LIMIT", 1]]
  [1m[36mTRANSACTION (0.2ms)[0m  [1m[35mBEGIN[0m
  [1m[36mActiveRecord::InternalMetadata Create (0.8ms)[0m  [1m[32mINSERT INTO "ar_internal_metadata" ("key", "value", "created_at", "updated_at") VALUES ($1, $2, $3, $4) RETURNING "key"[0m  [["key", "environment"], ["value", "development"], ["created_at", "2023-01-16 12:09:30.134843"], ["updated_at", "2023-01-16 12:09:30.134843"]]
  [1m[36mTRANSACTION (2.6ms)[0m  [1m[35mCOMMIT[0m
  [1m[35m (0.3ms)[0m  [1m[34mSELECT pg_advisory_unlock(5852838429236687595)[0m
  [1m[36mActiveRecord::SchemaMigration Pluck (0.7ms)[0m  [1m[34mSELECT "schema_migrations"."version" FROM "schema_migrations" ORDER BY "schema_migrations"."version" ASC[0m
Started GET "/" for 127.0.0.1 at 2023-01-16 14:19:14 +0200
  [1m[36mActiveRecord::SchemaMigration Pluck (0.7ms)[0m  [1m[34mSELECT "schema_migrations"."version" FROM "schema_migrations" ORDER BY "schema_migrations"."version" ASC[0m
Processing by Rails::WelcomeController#index as HTML
  Rendering /home/jb-dev/.rbenv/versions/3.1.2/lib/ruby/gems/3.1.0/gems/railties-7.0.4/lib/rails/templates/rails/welcome/index.html.erb
  Rendered /home/jb-dev/.rbenv/versions/3.1.2/lib/ruby/gems/3.1.0/gems/railties-7.0.4/lib/rails/templates/rails/welcome/index.html.erb (Duration: 12.4ms | Allocations: 584)
Completed 200 OK in 286ms (Views: 87.2ms | ActiveRecord: 0.0ms | Allocations: 4658)


  [1m[35m (0.2ms)[0m  [1m[34mSELECT pg_try_advisory_lock(5852838429236687595)[0m
  [1m[36mActiveRecord::SchemaMigration Pluck (0.6ms)[0m  [1m[34mSELECT "schema_migrations"."version" FROM "schema_migrations" ORDER BY "schema_migrations"."version" ASC[0m
Migrating to AddNameUser (20230116122230)
  [1m[36mTRANSACTION (0.2ms)[0m  [1m[35mBEGIN[0m
  [1m[35m (1.1ms)[0m  [1m[35mALTER TABLE "users" ADD "name" character varying[0m
  [1m[36mActiveRecord::SchemaMigration Create (1.1ms)[0m  [1m[32mINSERT INTO "schema_migrations" ("version") VALUES ($1) RETURNING "version"[0m  [["version", "20230116122230"]]
  [1m[36mTRANSACTION (12.5ms)[0m  [1m[35mCOMMIT[0m
  [1m[36mActiveRecord::InternalMetadata Load (0.3ms)[0m  [1m[34mSELECT "ar_internal_metadata".* FROM "ar_internal_metadata" WHERE "ar_internal_metadata"."key" = $1 LIMIT $2[0m  [["key", "environment"], ["LIMIT", 1]]
  [1m[35m (0.3ms)[0m  [1m[34mSELECT pg_advisory_unlock(5852838429236687595)[0m
  [1m[36mActiveRecord::SchemaMigration Pluck (0.9ms)[0m  [1m[34mSELECT "schema_migrations"."version" FROM "schema_migrations" ORDER BY "schema_migrations"."version" ASC[0m
Started GET "/" for 127.0.0.1 at 2023-01-16 14:49:45 +0200
  [1m[36mActiveRecord::SchemaMigration Pluck (0.7ms)[0m  [1m[34mSELECT "schema_migrations"."version" FROM "schema_migrations" ORDER BY "schema_migrations"."version" ASC[0m
Processing by Rails::WelcomeController#index as HTML
  Rendering /home/jb-dev/.rbenv/versions/3.1.2/lib/ruby/gems/3.1.0/gems/railties-7.0.4/lib/rails/templates/rails/welcome/index.html.erb
  Rendered /home/jb-dev/.rbenv/versions/3.1.2/lib/ruby/gems/3.1.0/gems/railties-7.0.4/lib/rails/templates/rails/welcome/index.html.erb (Duration: 15.2ms | Allocations: 281)
Completed 200 OK in 19ms (Views: 16.8ms | ActiveRecord: 0.0ms | Allocations: 963)


Started GET "/" for 127.0.0.1 at 2023-01-16 14:57:23 +0200
Processing by SplanshController#index as HTML
  Rendering layout layouts/application.html.erb
  Rendering splansh/index.html.erb within layouts/application
  Rendered splansh/index.html.erb within layouts/application (Duration: 0.5ms | Allocations: 113)
  Rendered layout layouts/application.html.erb (Duration: 502.3ms | Allocations: 87876)
Completed 200 OK in 564ms (Views: 506.1ms | Allocations: 89966)


Started GET "/" for 127.0.0.1 at 2023-01-16 15:09:31 +0200
Processing by SplanshController#index as HTML
  Rendering layout layouts/application.html.erb
  Rendering splansh/index.html.erb within layouts/application
  Rendered splansh/index.html.erb within layouts/application (Duration: 2.6ms | Allocations: 961)
  Rendered layout layouts/application.html.erb (Duration: 7.3ms | Allocations: 3815)
Completed 200 OK in 10ms (Views: 9.4ms | Allocations: 4643)


Started GET "/" for 127.0.0.1 at 2023-01-16 15:15:40 +0200
Processing by SplanshController#index as HTML
  Rendering layout layouts/application.html.erb
  Rendering splansh/index.html.erb within layouts/application
  Rendered splansh/index.html.erb within layouts/application (Duration: 0.9ms | Allocations: 363)
  Rendered layout layouts/application.html.erb (Duration: 31.8ms | Allocations: 5715)
Completed 200 OK in 35ms (Views: 33.4ms | Allocations: 6540)


Started GET "/" for 127.0.0.1 at 2023-01-16 15:18:32 +0200
Processing by SplanshController#index as HTML
  Rendering layout layouts/application.html.erb
  Rendering splansh/index.html.erb within layouts/application
  Rendered splansh/index.html.erb within layouts/application (Duration: 2.7ms | Allocations: 362)
  Rendered layout layouts/application.html.erb (Duration: 11.6ms | Allocations: 3253)
Completed 200 OK in 16ms (Views: 13.2ms | Allocations: 4078)


Started GET "/" for 127.0.0.1 at 2023-01-16 15:24:06 +0200
Processing by SplanshController#index as HTML
  Rendering layout layouts/application.html.erb
  Rendering splansh/index.html.erb within layouts/application
  Rendered splansh/index.html.erb within layouts/application (Duration: 1.0ms | Allocations: 361)
  Rendered layout layouts/application.html.erb (Duration: 61.7ms | Allocations: 10596)
Completed 500 Internal Server Error in 64ms (Allocations: 11425)


  
ActionView::Template::Error (undefined local variable or method `hotwire_livereload_tags' for #<ActionView::Base:0x00000000015428>

    '.freeze;@output_buffer.append=( hotwire_livereload_tags if Rails.env.development? );@output_buffer.safe_append='
                                     ^^^^^^^^^^^^^^^^^^^^^^^):
    12: <link rel="preconnect" href="https://fonts.gstatic.com" crossorigin>
    13: <link href="https://fonts.googleapis.com/css2?family=Montserrat:ital,wght@0,100;0,200;0,300;0,400;0,500;0,600;0,700;0,800;0,900;1,100;1,200;1,300;1,400;1,500;1,600;1,700;1,800;1,900&display=swap" rel="stylesheet">
    14: <link rel="stylesheet" href="https://fonts.googleapis.com/css2?family=Material+Symbols+Outlined:opsz,wght,FILL,GRAD@20..48,100..700,0..1,-50..200" />
    15:     <%= hotwire_livereload_tags if Rails.env.development? %>
    16:   </head>
    17: 
    18:   <body>
  
app/views/layouts/application.html.erb:15
Started GET "/" for 127.0.0.1 at 2023-01-16 15:24:52 +0200
  [1m[36mActiveRecord::SchemaMigration Pluck (0.9ms)[0m  [1m[34mSELECT "schema_migrations"."version" FROM "schema_migrations" ORDER BY "schema_migrations"."version" ASC[0m
Processing by SplanshController#index as HTML
  Rendering layout layouts/application.html.erb
  Rendering splansh/index.html.erb within layouts/application
  Rendered splansh/index.html.erb within layouts/application (Duration: 2.0ms | Allocations: 1169)
  Rendered /home/jb-dev/.rbenv/versions/3.1.2/lib/ruby/gems/3.1.0/gems/hotwire-livereload-1.2.3/app/views/hotwire/livereload/_head_action_cable.html.erb (Duration: 1.8ms | Allocations: 837)
  Rendered layout layouts/application.html.erb (Duration: 362.3ms | Allocations: 101837)
Completed 200 OK in 413ms (Views: 366.1ms | ActiveRecord: 0.0ms | Allocations: 105566)


Started GET "/cable" for 127.0.0.1 at 2023-01-16 15:24:55 +0200
Started GET "/cable" [WebSocket] for 127.0.0.1 at 2023-01-16 15:24:55 +0200
Successfully upgraded to WebSocket (REQUEST_METHOD: GET, HTTP_CONNECTION: Upgrade, HTTP_UPGRADE: websocket)
Hotwire::Livereload::ReloadChannel is transmitting the subscription confirmation
Hotwire::Livereload::ReloadChannel is streaming from hotwire-reload
[ActionCable] Broadcasting to hotwire-reload: {:changed=>["/home/jb-dev/Documents/Microverse/RoR/mi_bugdet/app/assets/stylesheets/index.css"], :force_reload=>false}
Hotwire::Livereload::ReloadChannel transmitting {"changed"=>["/home/jb-dev/Documents/Microverse/RoR/mi_bugdet/app/assets/stylesheets/index.css"], "force_reload"=>false} (via streamed from hotwire-reload)
[ActionCable] Broadcasting to hotwire-reload: {:changed=>["/home/jb-dev/Documents/Microverse/RoR/mi_bugdet/app/assets/stylesheets/index.css"], :force_reload=>false}
Hotwire::Livereload::ReloadChannel transmitting {"changed"=>["/home/jb-dev/Documents/Microverse/RoR/mi_bugdet/app/assets/stylesheets/index.css"], "force_reload"=>false} (via streamed from hotwire-reload)
Started GET "/" for 127.0.0.1 at 2023-01-16 15:25:20 +0200
Processing by SplanshController#index as HTML
  Rendering layout layouts/application.html.erb
  Rendering splansh/index.html.erb within layouts/application
  Rendered splansh/index.html.erb within layouts/application (Duration: 0.6ms | Allocations: 192)
  Rendered /home/jb-dev/.rbenv/versions/3.1.2/lib/ruby/gems/3.1.0/gems/hotwire-livereload-1.2.3/app/views/hotwire/livereload/_head_action_cable.html.erb (Duration: 2.0ms | Allocations: 712)
  Rendered layout layouts/application.html.erb (Duration: 16.8ms | Allocations: 6210)
Completed 200 OK in 18ms (Views: 17.6ms | ActiveRecord: 0.0ms | Allocations: 6539)


[ActionCable] Broadcasting to hotwire-reload: {:changed=>["/home/jb-dev/Documents/Microverse/RoR/mi_bugdet/app/assets/stylesheets/index.css"], :force_reload=>false}
Hotwire::Livereload::ReloadChannel transmitting {"changed"=>["/home/jb-dev/Documents/Microverse/RoR/mi_bugdet/app/assets/stylesheets/index.css"], "force_reload"=>false} (via streamed from hotwire-reload)
Started GET "/" for 127.0.0.1 at 2023-01-16 15:25:21 +0200
Processing by SplanshController#index as HTML
  Rendering layout layouts/application.html.erb
  Rendering splansh/index.html.erb within layouts/application
  Rendered splansh/index.html.erb within layouts/application (Duration: 1.3ms | Allocations: 155)
  Rendered /home/jb-dev/.rbenv/versions/3.1.2/lib/ruby/gems/3.1.0/gems/hotwire-livereload-1.2.3/app/views/hotwire/livereload/_head_action_cable.html.erb (Duration: 1.3ms | Allocations: 710)
  Rendered layout layouts/application.html.erb (Duration: 14.6ms | Allocations: 5917)
Completed 200 OK in 16ms (Views: 15.5ms | ActiveRecord: 0.0ms | Allocations: 6181)


Started GET "/" for 127.0.0.1 at 2023-01-16 15:25:22 +0200
Processing by SplanshController#index as HTML
  Rendering layout layouts/application.html.erb
  Rendering splansh/index.html.erb within layouts/application
  Rendered splansh/index.html.erb within layouts/application (Duration: 0.6ms | Allocations: 157)
  Rendered /home/jb-dev/.rbenv/versions/3.1.2/lib/ruby/gems/3.1.0/gems/hotwire-livereload-1.2.3/app/views/hotwire/livereload/_head_action_cable.html.erb (Duration: 4.8ms | Allocations: 710)
  Rendered layout layouts/application.html.erb (Duration: 17.0ms | Allocations: 3427)
Completed 200 OK in 18ms (Views: 17.7ms | ActiveRecord: 0.0ms | Allocations: 3695)


Finished "/cable" [WebSocket] for 127.0.0.1 at 2023-01-16 15:25:22 +0200
Hotwire::Livereload::ReloadChannel stopped streaming from hotwire-reload
Started GET "/cable" for 127.0.0.1 at 2023-01-16 15:25:25 +0200
Started GET "/cable" [WebSocket] for 127.0.0.1 at 2023-01-16 15:25:25 +0200
Successfully upgraded to WebSocket (REQUEST_METHOD: GET, HTTP_CONNECTION: Upgrade, HTTP_UPGRADE: websocket)
Hotwire::Livereload::ReloadChannel is transmitting the subscription confirmation
Hotwire::Livereload::ReloadChannel is streaming from hotwire-reload
[ActionCable] Broadcasting to hotwire-reload: {:changed=>["/home/jb-dev/Documents/Microverse/RoR/mi_bugdet/app/assets/stylesheets/index.css"], :force_reload=>false}
Hotwire::Livereload::ReloadChannel transmitting {"changed"=>["/home/jb-dev/Documents/Microverse/RoR/mi_bugdet/app/assets/stylesheets/index.css"], "force_reload"=>false} (via streamed from hotwire-reload)
Started GET "/" for 127.0.0.1 at 2023-01-16 15:26:00 +0200
Processing by SplanshController#index as HTML
  Rendering layout layouts/application.html.erb
  Rendering splansh/index.html.erb within layouts/application
  Rendered splansh/index.html.erb within layouts/application (Duration: 0.4ms | Allocations: 157)
  Rendered /home/jb-dev/.rbenv/versions/3.1.2/lib/ruby/gems/3.1.0/gems/hotwire-livereload-1.2.3/app/views/hotwire/livereload/_head_action_cable.html.erb (Duration: 1.2ms | Allocations: 710)
  Rendered layout layouts/application.html.erb (Duration: 12.1ms | Allocations: 5940)
Completed 200 OK in 13ms (Views: 12.7ms | ActiveRecord: 0.0ms | Allocations: 6208)


[ActionCable] Broadcasting to hotwire-reload: {:changed=>["/home/jb-dev/Documents/Microverse/RoR/mi_bugdet/app/assets/stylesheets/index.css"], :force_reload=>false}
Hotwire::Livereload::ReloadChannel transmitting {"changed"=>["/home/jb-dev/Documents/Microverse/RoR/mi_bugdet/app/assets/stylesheets/index.css"], "force_reload"=>false} (via streamed from hotwire-reload)
[ActionCable] Broadcasting to hotwire-reload: {:changed=>["/home/jb-dev/Documents/Microverse/RoR/mi_bugdet/app/assets/stylesheets/index.css"], :force_reload=>false}
Hotwire::Livereload::ReloadChannel transmitting {"changed"=>["/home/jb-dev/Documents/Microverse/RoR/mi_bugdet/app/assets/stylesheets/index.css"], "force_reload"=>false} (via streamed from hotwire-reload)
Started GET "/" for 127.0.0.1 at 2023-01-16 15:26:03 +0200
Processing by SplanshController#index as HTML
  Rendering layout layouts/application.html.erb
  Rendering splansh/index.html.erb within layouts/application
  Rendered splansh/index.html.erb within layouts/application (Duration: 0.5ms | Allocations: 155)
  Rendered /home/jb-dev/.rbenv/versions/3.1.2/lib/ruby/gems/3.1.0/gems/hotwire-livereload-1.2.3/app/views/hotwire/livereload/_head_action_cable.html.erb (Duration: 0.7ms | Allocations: 710)
  Rendered layout layouts/application.html.erb (Duration: 9.3ms | Allocations: 5911)
Completed 200 OK in 10ms (Views: 9.8ms | ActiveRecord: 0.0ms | Allocations: 6175)


Started GET "/" for 127.0.0.1 at 2023-01-16 15:26:08 +0200
Processing by SplanshController#index as HTML
  Rendering layout layouts/application.html.erb
  Rendering splansh/index.html.erb within layouts/application
  Rendered splansh/index.html.erb within layouts/application (Duration: 0.6ms | Allocations: 155)
  Rendered /home/jb-dev/.rbenv/versions/3.1.2/lib/ruby/gems/3.1.0/gems/hotwire-livereload-1.2.3/app/views/hotwire/livereload/_head_action_cable.html.erb (Duration: 1.4ms | Allocations: 710)
  Rendered layout layouts/application.html.erb (Duration: 7.6ms | Allocations: 3436)
Completed 200 OK in 10ms (Views: 9.1ms | ActiveRecord: 0.0ms | Allocations: 3698)


Finished "/cable" [WebSocket] for 127.0.0.1 at 2023-01-16 15:26:08 +0200
Hotwire::Livereload::ReloadChannel stopped streaming from hotwire-reload
Started GET "/cable" for 127.0.0.1 at 2023-01-16 15:26:11 +0200
Started GET "/cable" [WebSocket] for 127.0.0.1 at 2023-01-16 15:26:11 +0200
Successfully upgraded to WebSocket (REQUEST_METHOD: GET, HTTP_CONNECTION: Upgrade, HTTP_UPGRADE: websocket)
Hotwire::Livereload::ReloadChannel is transmitting the subscription confirmation
Hotwire::Livereload::ReloadChannel is streaming from hotwire-reload
[ActionCable] Broadcasting to hotwire-reload: {:changed=>["/home/jb-dev/Documents/Microverse/RoR/mi_bugdet/app/assets/stylesheets/index.css"], :force_reload=>false}
Hotwire::Livereload::ReloadChannel transmitting {"changed"=>["/home/jb-dev/Documents/Microverse/RoR/mi_bugdet/app/assets/stylesheets/index.css"], "force_reload"=>false} (via streamed from hotwire-reload)
Started GET "/" for 127.0.0.1 at 2023-01-16 15:26:17 +0200
Processing by SplanshController#index as HTML
  Rendering layout layouts/application.html.erb
  Rendering splansh/index.html.erb within layouts/application
  Rendered splansh/index.html.erb within layouts/application (Duration: 0.4ms | Allocations: 155)
  Rendered /home/jb-dev/.rbenv/versions/3.1.2/lib/ruby/gems/3.1.0/gems/hotwire-livereload-1.2.3/app/views/hotwire/livereload/_head_action_cable.html.erb (Duration: 1.3ms | Allocations: 714)
  Rendered layout layouts/application.html.erb (Duration: 14.1ms | Allocations: 5957)
Completed 200 OK in 15ms (Views: 14.7ms | ActiveRecord: 0.0ms | Allocations: 6223)


Started GET "/" for 127.0.0.1 at 2023-01-16 15:26:17 +0200
Processing by SplanshController#index as HTML
  Rendering layout layouts/application.html.erb
  Rendering splansh/index.html.erb within layouts/application
  Rendered splansh/index.html.erb within layouts/application (Duration: 0.4ms | Allocations: 157)
  Rendered /home/jb-dev/.rbenv/versions/3.1.2/lib/ruby/gems/3.1.0/gems/hotwire-livereload-1.2.3/app/views/hotwire/livereload/_head_action_cable.html.erb (Duration: 2.4ms | Allocations: 710)
  Rendered layout layouts/application.html.erb (Duration: 8.9ms | Allocations: 3442)
Completed 200 OK in 11ms (Views: 10.9ms | ActiveRecord: 0.0ms | Allocations: 3709)


Finished "/cable" [WebSocket] for 127.0.0.1 at 2023-01-16 15:26:18 +0200
Hotwire::Livereload::ReloadChannel stopped streaming from hotwire-reload
Started GET "/cable" for 127.0.0.1 at 2023-01-16 15:26:20 +0200
Started GET "/cable" [WebSocket] for 127.0.0.1 at 2023-01-16 15:26:20 +0200
Successfully upgraded to WebSocket (REQUEST_METHOD: GET, HTTP_CONNECTION: Upgrade, HTTP_UPGRADE: websocket)
Hotwire::Livereload::ReloadChannel is transmitting the subscription confirmation
Hotwire::Livereload::ReloadChannel is streaming from hotwire-reload
[ActionCable] Broadcasting to hotwire-reload: {:changed=>["/home/jb-dev/Documents/Microverse/RoR/mi_bugdet/app/assets/stylesheets/index.css"], :force_reload=>false}
Hotwire::Livereload::ReloadChannel transmitting {"changed"=>["/home/jb-dev/Documents/Microverse/RoR/mi_bugdet/app/assets/stylesheets/index.css"], "force_reload"=>false} (via streamed from hotwire-reload)
Started GET "/" for 127.0.0.1 at 2023-01-16 15:26:27 +0200
Processing by SplanshController#index as HTML
  Rendering layout layouts/application.html.erb
  Rendering splansh/index.html.erb within layouts/application
  Rendered splansh/index.html.erb within layouts/application (Duration: 0.5ms | Allocations: 155)
  Rendered /home/jb-dev/.rbenv/versions/3.1.2/lib/ruby/gems/3.1.0/gems/hotwire-livereload-1.2.3/app/views/hotwire/livereload/_head_action_cable.html.erb (Duration: 1.5ms | Allocations: 710)
  Rendered layout layouts/application.html.erb (Duration: 15.4ms | Allocations: 5925)
Completed 200 OK in 17ms (Views: 16.1ms | ActiveRecord: 0.0ms | Allocations: 6189)


Started GET "/" for 127.0.0.1 at 2023-01-16 15:26:28 +0200
Processing by SplanshController#index as HTML
  Rendering layout layouts/application.html.erb
  Rendering splansh/index.html.erb within layouts/application
  Rendered splansh/index.html.erb within layouts/application (Duration: 0.4ms | Allocations: 155)
  Rendered /home/jb-dev/.rbenv/versions/3.1.2/lib/ruby/gems/3.1.0/gems/hotwire-livereload-1.2.3/app/views/hotwire/livereload/_head_action_cable.html.erb (Duration: 1.9ms | Allocations: 710)
  Rendered layout layouts/application.html.erb (Duration: 8.9ms | Allocations: 3430)
Completed 200 OK in 10ms (Views: 9.6ms | ActiveRecord: 0.0ms | Allocations: 3692)


Finished "/cable" [WebSocket] for 127.0.0.1 at 2023-01-16 15:26:28 +0200
Hotwire::Livereload::ReloadChannel stopped streaming from hotwire-reload
Started GET "/cable" for 127.0.0.1 at 2023-01-16 15:26:31 +0200
Started GET "/cable" [WebSocket] for 127.0.0.1 at 2023-01-16 15:26:31 +0200
Successfully upgraded to WebSocket (REQUEST_METHOD: GET, HTTP_CONNECTION: Upgrade, HTTP_UPGRADE: websocket)
Hotwire::Livereload::ReloadChannel is transmitting the subscription confirmation
Hotwire::Livereload::ReloadChannel is streaming from hotwire-reload
[ActionCable] Broadcasting to hotwire-reload: {:changed=>["/home/jb-dev/Documents/Microverse/RoR/mi_bugdet/app/assets/stylesheets/index.css"], :force_reload=>false}
Hotwire::Livereload::ReloadChannel transmitting {"changed"=>["/home/jb-dev/Documents/Microverse/RoR/mi_bugdet/app/assets/stylesheets/index.css"], "force_reload"=>false} (via streamed from hotwire-reload)
Started GET "/" for 127.0.0.1 at 2023-01-16 15:26:33 +0200
Processing by SplanshController#index as HTML
  Rendering layout layouts/application.html.erb
  Rendering splansh/index.html.erb within layouts/application
  Rendered splansh/index.html.erb within layouts/application (Duration: 0.6ms | Allocations: 155)
  Rendered /home/jb-dev/.rbenv/versions/3.1.2/lib/ruby/gems/3.1.0/gems/hotwire-livereload-1.2.3/app/views/hotwire/livereload/_head_action_cable.html.erb (Duration: 1.1ms | Allocations: 714)
  Rendered layout layouts/application.html.erb (Duration: 29.4ms | Allocations: 5928)
Completed 200 OK in 31ms (Views: 30.1ms | ActiveRecord: 0.0ms | Allocations: 6193)


Started GET "/" for 127.0.0.1 at 2023-01-16 15:26:33 +0200
Processing by SplanshController#index as HTML
  Rendering layout layouts/application.html.erb
  Rendering splansh/index.html.erb within layouts/application
  Rendered splansh/index.html.erb within layouts/application (Duration: 0.6ms | Allocations: 155)
  Rendered /home/jb-dev/.rbenv/versions/3.1.2/lib/ruby/gems/3.1.0/gems/hotwire-livereload-1.2.3/app/views/hotwire/livereload/_head_action_cable.html.erb (Duration: 2.3ms | Allocations: 714)
  Rendered layout layouts/application.html.erb (Duration: 12.3ms | Allocations: 3449)
Completed 200 OK in 16ms (Views: 14.5ms | ActiveRecord: 0.0ms | Allocations: 3713)


Finished "/cable" [WebSocket] for 127.0.0.1 at 2023-01-16 15:26:34 +0200
Hotwire::Livereload::ReloadChannel stopped streaming from hotwire-reload
Started GET "/cable" for 127.0.0.1 at 2023-01-16 15:26:36 +0200
Started GET "/cable" [WebSocket] for 127.0.0.1 at 2023-01-16 15:26:36 +0200
Successfully upgraded to WebSocket (REQUEST_METHOD: GET, HTTP_CONNECTION: Upgrade, HTTP_UPGRADE: websocket)
Hotwire::Livereload::ReloadChannel is transmitting the subscription confirmation
Hotwire::Livereload::ReloadChannel is streaming from hotwire-reload
[ActionCable] Broadcasting to hotwire-reload: {:changed=>["/home/jb-dev/Documents/Microverse/RoR/mi_bugdet/app/assets/stylesheets/index.css"], :force_reload=>false}
Hotwire::Livereload::ReloadChannel transmitting {"changed"=>["/home/jb-dev/Documents/Microverse/RoR/mi_bugdet/app/assets/stylesheets/index.css"], "force_reload"=>false} (via streamed from hotwire-reload)
Started GET "/" for 127.0.0.1 at 2023-01-16 15:26:39 +0200
Processing by SplanshController#index as HTML
  Rendering layout layouts/application.html.erb
  Rendering splansh/index.html.erb within layouts/application
  Rendered splansh/index.html.erb within layouts/application (Duration: 0.4ms | Allocations: 155)
  Rendered /home/jb-dev/.rbenv/versions/3.1.2/lib/ruby/gems/3.1.0/gems/hotwire-livereload-1.2.3/app/views/hotwire/livereload/_head_action_cable.html.erb (Duration: 2.6ms | Allocations: 710)
  Rendered layout layouts/application.html.erb (Duration: 17.9ms | Allocations: 5927)
Completed 200 OK in 20ms (Views: 19.0ms | ActiveRecord: 0.0ms | Allocations: 6192)


Started GET "/" for 127.0.0.1 at 2023-01-16 15:26:39 +0200
Processing by SplanshController#index as HTML
  Rendering layout layouts/application.html.erb
  Rendering splansh/index.html.erb within layouts/application
  Rendered splansh/index.html.erb within layouts/application (Duration: 0.5ms | Allocations: 155)
  Rendered /home/jb-dev/.rbenv/versions/3.1.2/lib/ruby/gems/3.1.0/gems/hotwire-livereload-1.2.3/app/views/hotwire/livereload/_head_action_cable.html.erb (Duration: 1.8ms | Allocations: 710)
  Rendered layout layouts/application.html.erb (Duration: 8.9ms | Allocations: 3468)
Completed 200 OK in 10ms (Views: 9.5ms | ActiveRecord: 0.0ms | Allocations: 3730)


Finished "/cable" [WebSocket] for 127.0.0.1 at 2023-01-16 15:26:40 +0200
Hotwire::Livereload::ReloadChannel stopped streaming from hotwire-reload
Started GET "/cable" for 127.0.0.1 at 2023-01-16 15:26:42 +0200
Started GET "/cable" [WebSocket] for 127.0.0.1 at 2023-01-16 15:26:42 +0200
Successfully upgraded to WebSocket (REQUEST_METHOD: GET, HTTP_CONNECTION: Upgrade, HTTP_UPGRADE: websocket)
Hotwire::Livereload::ReloadChannel is transmitting the subscription confirmation
Hotwire::Livereload::ReloadChannel is streaming from hotwire-reload
[ActionCable] Broadcasting to hotwire-reload: {:changed=>["/home/jb-dev/Documents/Microverse/RoR/mi_bugdet/app/assets/stylesheets/index.css"], :force_reload=>false}
Hotwire::Livereload::ReloadChannel transmitting {"changed"=>["/home/jb-dev/Documents/Microverse/RoR/mi_bugdet/app/assets/stylesheets/index.css"], "force_reload"=>false} (via streamed from hotwire-reload)
Started GET "/" for 127.0.0.1 at 2023-01-16 15:26:44 +0200
Processing by SplanshController#index as HTML
  Rendering layout layouts/application.html.erb
  Rendering splansh/index.html.erb within layouts/application
  Rendered splansh/index.html.erb within layouts/application (Duration: 0.4ms | Allocations: 155)
  Rendered /home/jb-dev/.rbenv/versions/3.1.2/lib/ruby/gems/3.1.0/gems/hotwire-livereload-1.2.3/app/views/hotwire/livereload/_head_action_cable.html.erb (Duration: 1.8ms | Allocations: 714)
  Rendered layout layouts/application.html.erb (Duration: 22.5ms | Allocations: 5920)
Completed 200 OK in 24ms (Views: 23.1ms | ActiveRecord: 0.0ms | Allocations: 6185)


Started GET "/" for 127.0.0.1 at 2023-01-16 15:26:45 +0200
Processing by SplanshController#index as HTML
  Rendering layout layouts/application.html.erb
  Rendering splansh/index.html.erb within layouts/application
  Rendered splansh/index.html.erb within layouts/application (Duration: 1.4ms | Allocations: 155)
  Rendered /home/jb-dev/.rbenv/versions/3.1.2/lib/ruby/gems/3.1.0/gems/hotwire-livereload-1.2.3/app/views/hotwire/livereload/_head_action_cable.html.erb (Duration: 2.6ms | Allocations: 717)
  Rendered layout layouts/application.html.erb (Duration: 17.5ms | Allocations: 3437)
Completed 200 OK in 20ms (Views: 18.5ms | ActiveRecord: 0.0ms | Allocations: 3701)


Finished "/cable" [WebSocket] for 127.0.0.1 at 2023-01-16 15:26:45 +0200
Hotwire::Livereload::ReloadChannel stopped streaming from hotwire-reload
Started GET "/cable" for 127.0.0.1 at 2023-01-16 15:26:47 +0200
Started GET "/cable" [WebSocket] for 127.0.0.1 at 2023-01-16 15:26:47 +0200
Successfully upgraded to WebSocket (REQUEST_METHOD: GET, HTTP_CONNECTION: Upgrade, HTTP_UPGRADE: websocket)
Hotwire::Livereload::ReloadChannel is transmitting the subscription confirmation
Hotwire::Livereload::ReloadChannel is streaming from hotwire-reload
[ActionCable] Broadcasting to hotwire-reload: {:changed=>["/home/jb-dev/Documents/Microverse/RoR/mi_bugdet/app/assets/stylesheets/index.css"], :force_reload=>false}
Hotwire::Livereload::ReloadChannel transmitting {"changed"=>["/home/jb-dev/Documents/Microverse/RoR/mi_bugdet/app/assets/stylesheets/index.css"], "force_reload"=>false} (via streamed from hotwire-reload)
Started GET "/" for 127.0.0.1 at 2023-01-16 15:26:51 +0200
Processing by SplanshController#index as HTML
  Rendering layout layouts/application.html.erb
  Rendering splansh/index.html.erb within layouts/application
  Rendered splansh/index.html.erb within layouts/application (Duration: 0.5ms | Allocations: 155)
  Rendered /home/jb-dev/.rbenv/versions/3.1.2/lib/ruby/gems/3.1.0/gems/hotwire-livereload-1.2.3/app/views/hotwire/livereload/_head_action_cable.html.erb (Duration: 2.0ms | Allocations: 710)
  Rendered layout layouts/application.html.erb (Duration: 13.9ms | Allocations: 5935)
Completed 200 OK in 15ms (Views: 14.6ms | ActiveRecord: 0.0ms | Allocations: 6200)


Started GET "/" for 127.0.0.1 at 2023-01-16 15:26:51 +0200
Processing by SplanshController#index as HTML
  Rendering layout layouts/application.html.erb
  Rendering splansh/index.html.erb within layouts/application
  Rendered splansh/index.html.erb within layouts/application (Duration: 1.0ms | Allocations: 155)
  Rendered /home/jb-dev/.rbenv/versions/3.1.2/lib/ruby/gems/3.1.0/gems/hotwire-livereload-1.2.3/app/views/hotwire/livereload/_head_action_cable.html.erb (Duration: 1.5ms | Allocations: 710)
  Rendered layout layouts/application.html.erb (Duration: 10.8ms | Allocations: 3430)
Completed 200 OK in 12ms (Views: 11.4ms | ActiveRecord: 0.0ms | Allocations: 3693)


Finished "/cable" [WebSocket] for 127.0.0.1 at 2023-01-16 15:26:52 +0200
Hotwire::Livereload::ReloadChannel stopped streaming from hotwire-reload
Started GET "/cable" for 127.0.0.1 at 2023-01-16 15:26:54 +0200
Started GET "/cable" [WebSocket] for 127.0.0.1 at 2023-01-16 15:26:54 +0200
Successfully upgraded to WebSocket (REQUEST_METHOD: GET, HTTP_CONNECTION: Upgrade, HTTP_UPGRADE: websocket)
Hotwire::Livereload::ReloadChannel is transmitting the subscription confirmation
Hotwire::Livereload::ReloadChannel is streaming from hotwire-reload
[ActionCable] Broadcasting to hotwire-reload: {:changed=>["/home/jb-dev/Documents/Microverse/RoR/mi_bugdet/app/assets/stylesheets/index.css"], :force_reload=>false}
Hotwire::Livereload::ReloadChannel transmitting {"changed"=>["/home/jb-dev/Documents/Microverse/RoR/mi_bugdet/app/assets/stylesheets/index.css"], "force_reload"=>false} (via streamed from hotwire-reload)
Started GET "/" for 127.0.0.1 at 2023-01-16 15:27:01 +0200
Processing by SplanshController#index as HTML
  Rendering layout layouts/application.html.erb
  Rendering splansh/index.html.erb within layouts/application
  Rendered splansh/index.html.erb within layouts/application (Duration: 0.4ms | Allocations: 155)
  Rendered /home/jb-dev/.rbenv/versions/3.1.2/lib/ruby/gems/3.1.0/gems/hotwire-livereload-1.2.3/app/views/hotwire/livereload/_head_action_cable.html.erb (Duration: 1.4ms | Allocations: 714)
  Rendered layout layouts/application.html.erb (Duration: 13.2ms | Allocations: 5950)
Completed 200 OK in 14ms (Views: 13.8ms | ActiveRecord: 0.0ms | Allocations: 6215)


Started GET "/" for 127.0.0.1 at 2023-01-16 15:27:02 +0200
Processing by SplanshController#index as HTML
  Rendering layout layouts/application.html.erb
  Rendering splansh/index.html.erb within layouts/application
  Rendered splansh/index.html.erb within layouts/application (Duration: 0.5ms | Allocations: 155)
  Rendered /home/jb-dev/.rbenv/versions/3.1.2/lib/ruby/gems/3.1.0/gems/hotwire-livereload-1.2.3/app/views/hotwire/livereload/_head_action_cable.html.erb (Duration: 2.4ms | Allocations: 714)
  Rendered layout layouts/application.html.erb (Duration: 9.6ms | Allocations: 3453)
Completed 200 OK in 12ms (Views: 11.4ms | ActiveRecord: 0.0ms | Allocations: 3717)


Finished "/cable" [WebSocket] for 127.0.0.1 at 2023-01-16 15:27:02 +0200
Hotwire::Livereload::ReloadChannel stopped streaming from hotwire-reload
Started GET "/cable" for 127.0.0.1 at 2023-01-16 15:27:05 +0200
Started GET "/cable" [WebSocket] for 127.0.0.1 at 2023-01-16 15:27:05 +0200
Successfully upgraded to WebSocket (REQUEST_METHOD: GET, HTTP_CONNECTION: Upgrade, HTTP_UPGRADE: websocket)
Hotwire::Livereload::ReloadChannel is transmitting the subscription confirmation
Hotwire::Livereload::ReloadChannel is streaming from hotwire-reload
